Flutter crash report; please file at https://github.com/flutter/flutter/issues.

## command

flutter run

## exception

FileSystemException: FileSystemException: Cannot open file, path = '/Users/miladsmacbook/Development/Projects/DailyChallengeApp/daily_challenge_app/.packages' (OS Error: No such file or directory, errno = 2)

```
#0      _File.throwIfError (dart:io/file_impl.dart:645:7)
#1      _File.openSync (dart:io/file_impl.dart:489:5)
#2      _File.readAsBytesSync (dart:io/file_impl.dart:549:18)
#3      ForwardingFile.readAsBytesSync (package:file/src/forwarding/forwarding_file.dart:95:62)
#4      _parse (package:flutter_tools/src/dart/package_map.dart:13:50)
#5      PackageMap.load (package:flutter_tools/src/dart/package_map.dart:37:14)
#6      PackageMap.map (package:flutter_tools/src/dart/package_map.dart:41:5)
#7      new PackageUriMapper (package:flutter_tools/src/compile.dart:202:84)
#8      DefaultResidentCompiler._recompile (package:flutter_tools/src/compile.dart:590:26)
#9      _RecompileRequest._run (package:flutter_tools/src/compile.dart:415:16)
#10     _CompilationRequest.run (package:flutter_tools/src/compile.dart:395:30)
#11     DefaultResidentCompiler._handleCompilationRequest (package:flutter_tools/src/compile.dart:634:23)
#12     _rootRunUnary (dart:async/zone.dart:1134:38)
#13     _CustomZone.runUnary (dart:async/zone.dart:1031:19)
#14     _CustomZone.runUnaryGuarded (dart:async/zone.dart:933:7)
#15     _BufferingStreamSubscription._sendData (dart:async/stream_impl.dart:338:11)
#16     _DelayedData.perform (dart:async/stream_impl.dart:593:14)
#17     _StreamImplEvents.handleNext (dart:async/stream_impl.dart:709:11)
#18     _PendingEvents.schedule.<anonymous closure> (dart:async/stream_impl.dart:669:7)
#19     _rootRun (dart:async/zone.dart:1122:38)
#20     _CustomZone.run (dart:async/zone.dart:1023:19)
#21     _CustomZone.runGuarded (dart:async/zone.dart:925:7)
#22     _CustomZone.bindCallbackGuarded.<anonymous closure> (dart:async/zone.dart:965:23)
#23     _rootRun (dart:async/zone.dart:1126:13)
#24     _CustomZone.run (dart:async/zone.dart:1023:19)
#25     _CustomZone.runGuarded (dart:async/zone.dart:925:7)
#26     _CustomZone.bindCallbackGuarded.<anonymous closure> (dart:async/zone.dart:965:23)
#27     _microtaskLoop (dart:async/schedule_microtask.dart:43:21)
#28     _startMicrotaskLoop (dart:async/schedule_microtask.dart:52:5)
#29     _runPendingImmediateCallback (dart:isolate-patch/isolate_patch.dart:118:13)
#30     _RawReceivePortImpl._handleMessage (dart:isolate-patch/isolate_patch.dart:175:5)
```

## flutter doctor

```
[32m[✓][39m Flutter (Channel stable, v1.12.13+hotfix.9, on Mac OS X 10.15.4 19E287,
    locale en-US)
    [32m•[39m Flutter version 1.12.13+hotfix.9 at
      /Users/miladsmacbook/Development/Tools/flutter
    [32m•[39m Framework revision f139b11009 (5 weeks ago), 2020-03-30 13:57:30 -0700
    [32m•[39m Engine revision af51afceb8
    [32m•[39m Dart version 2.7.2

[33m[!][39m Android toolchain - develop for Android devices (Android SDK version 29.0.3)
    [32m•[39m Android SDK at /Users/miladsmacbook/Library/Android/sdk
    [32m•[39m Android NDK location not configured (optional; useful for native profiling
      support)
    [32m•[39m Platform android-29, build-tools 29.0.3
    [32m•[39m Java binary at: /Applications/Android
      Studio.app/Contents/jre/jdk/Contents/Home/bin/java
    [32m•[39m Java version OpenJDK Runtime Environment (build
      1.8.0_212-release-1586-b4-5784211)
    [33m![39m Some Android licenses not accepted.  To resolve this, run: flutter doctor
      --android-licenses

[32m[✓][39m Xcode - develop for iOS and macOS (Xcode 11.4.1)
    [32m•[39m Xcode at /Applications/Xcode.app/Contents/Developer
    [32m•[39m Xcode 11.4.1, Build version 11E503a
    [32m•[39m CocoaPods version 1.9.1

[32m[✓][39m Android Studio (version 3.6)
    [32m•[39m Android Studio at /Applications/Android Studio.app/Contents
    [32m•[39m Flutter plugin version 45.1.1
    [32m•[39m Dart plugin version 192.7761
    [32m•[39m Java version OpenJDK Runtime Environment (build
      1.8.0_212-release-1586-b4-5784211)

[32m[✓][39m VS Code (version 1.44.2)
    [32m•[39m VS Code at /Applications/Visual Studio Code.app/Contents
    [32m•[39m Flutter extension version 3.10.0

[32m[✓][39m Connected device (1 available)
    [32m•[39m iPhone 11 Pro Max • 5533B3FF-9611-403B-AF56-E1915EEA7EBC • ios •
      com.apple.CoreSimulator.SimRuntime.iOS-13-4 (simulator)

[33m![39m Doctor found issues in 1 category.
```
